Flow report for 2017510082_Nilay_Yucel_DEUARCH
Wed May 20 17:50:31 2020
Quartus II 64-Bit Version 13.0.1 Build 232 06/12/2013 Service Pack 1 SJ Web Edition


---------------------
; Table of Contents ;
---------------------
  1. Legal Notice
  2. Flow Summary
  3. Flow Settings
  4. Flow Non-Default Global Settings
  5. Flow Elapsed Time
  6. Flow OS Summary
  7. Flow Log
  8. Flow Messages
  9. Flow Suppressed Messages



----------------
; Legal Notice ;
----------------
Copyright (C) 1991-2013 Altera Corporation
Your use of Altera Corporation's design tools, logic functions 
and other software and tools, and its AMPP partner logic 
functions, and any output files from any of the foregoing 
(including device programming or simulation files), and any 
associated documentation or information are expressly subject 
to the terms and conditions of the Altera Program License 
Subscription Agreement, Altera MegaCore Function License 
Agreement, or other applicable license agreement, including, 
without limitation, that your use is for the sole purpose of 
programming logic devices manufactured by Altera and sold by 
Altera or its authorized distributors.  Please refer to the 
applicable agreement for further details.



+--------------------------------------------------------------------------------------+
; Flow Summary                                                                         ;
+------------------------------------+-------------------------------------------------+
; Flow Status                        ; Successful - Wed May 20 17:50:31 2020           ;
; Quartus II 64-Bit Version          ; 13.0.1 Build 232 06/12/2013 SP 1 SJ Web Edition ;
; Revision Name                      ; 2017510082_Nilay_Yucel_DEUARCH                  ;
; Top-level Entity Name              ; 2017510082_Nilay_Yucel_DEUARCH                  ;
; Family                             ; Cyclone III                                     ;
; Device                             ; EP3C16F484C6                                    ;
; Timing Models                      ; Final                                           ;
; Total logic elements               ; 157 / 15,408 ( 1 % )                            ;
;     Total combinational functions  ; 145 / 15,408 ( < 1 % )                          ;
;     Dedicated logic registers      ; 48 / 15,408 ( < 1 % )                           ;
; Total registers                    ; 48                                              ;
; Total pins                         ; 44 / 347 ( 13 % )                               ;
; Total virtual pins                 ; 0                                               ;
; Total memory bits                  ; 496 / 516,096 ( < 1 % )                         ;
; Embedded Multiplier 9-bit elements ; 0 / 112 ( 0 % )                                 ;
; Total PLLs                         ; 0 / 4 ( 0 % )                                   ;
+------------------------------------+-------------------------------------------------+


+----------------------------------------------------+
; Flow Settings                                      ;
+-------------------+--------------------------------+
; Option            ; Setting                        ;
+-------------------+--------------------------------+
; Start date & time ; 05/20/2020 17:50:04            ;
; Main task         ; Compilation                    ;
; Revision Name     ; 2017510082_Nilay_Yucel_DEUARCH ;
+-------------------+--------------------------------+


+----------------------------------------------------------------------------------------------------------------------+
; Flow Non-Default Global Settings                                                                                     ;
+-------------------------------------+---------------------------------+---------------+-------------+----------------+
; Assignment Name                     ; Value                           ; Default Value ; Entity Name ; Section Id     ;
+-------------------------------------+---------------------------------+---------------+-------------+----------------+
; COMPILER_SIGNATURE_ID               ; 220812843973818.158998620417476 ; --            ; --          ; --             ;
; EDA_GENERATE_FUNCTIONAL_NETLIST     ; On                              ; --            ; --          ; eda_simulation ;
; EDA_OUTPUT_DATA_FORMAT              ; Verilog Hdl                     ; --            ; --          ; eda_simulation ;
; EDA_SIMULATION_TOOL                 ; ModelSim-Altera (Verilog)       ; <None>        ; --          ; --             ;
; IP_TOOL_NAME                        ; LPM_MUX                         ; --            ; --          ; --             ;
; IP_TOOL_NAME                        ; LPM_MUX                         ; --            ; --          ; --             ;
; IP_TOOL_NAME                        ; LPM_COUNTER                     ; --            ; --          ; --             ;
; IP_TOOL_VERSION                     ; 13.0                            ; --            ; --          ; --             ;
; IP_TOOL_VERSION                     ; 13.0                            ; --            ; --          ; --             ;
; IP_TOOL_VERSION                     ; 13.0                            ; --            ; --          ; --             ;
; MAX_CORE_JUNCTION_TEMP              ; 85                              ; --            ; --          ; --             ;
; MIN_CORE_JUNCTION_TEMP              ; 0                               ; --            ; --          ; --             ;
; MISC_FILE                           ; CarryMux.bsf                    ; --            ; --          ; --             ;
; MISC_FILE                           ; CarryMux_inst.vhd               ; --            ; --          ; --             ;
; MISC_FILE                           ; CarryMux.inc                    ; --            ; --          ; --             ;
; MISC_FILE                           ; CarryMux.cmp                    ; --            ; --          ; --             ;
; MISC_FILE                           ; forcarry.bsf                    ; --            ; --          ; --             ;
; MISC_FILE                           ; forcarry_inst.vhd               ; --            ; --          ; --             ;
; MISC_FILE                           ; forcarry.inc                    ; --            ; --          ; --             ;
; MISC_FILE                           ; forcarry.cmp                    ; --            ; --          ; --             ;
; MISC_FILE                           ; FORV.bsf                        ; --            ; --          ; --             ;
; MISC_FILE                           ; FORV_inst.vhd                   ; --            ; --          ; --             ;
; MISC_FILE                           ; FORV.inc                        ; --            ; --          ; --             ;
; MISC_FILE                           ; FORV.cmp                        ; --            ; --          ; --             ;
; NOMINAL_CORE_SUPPLY_VOLTAGE         ; 1.2V                            ; --            ; --          ; --             ;
; PARTITION_COLOR                     ; 16764057                        ; --            ; --          ; Top            ;
; PARTITION_FITTER_PRESERVATION_LEVEL ; PLACEMENT_AND_ROUTING           ; --            ; --          ; Top            ;
; PARTITION_NETLIST_TYPE              ; SOURCE                          ; --            ; --          ; Top            ;
; PROJECT_OUTPUT_DIRECTORY            ; output_files                    ; --            ; --          ; --             ;
+-------------------------------------+---------------------------------+---------------+-------------+----------------+


+-------------------------------------------------------------------------------------------------------------------------------+
; Flow Elapsed Time                                                                                                             ;
+---------------------------+--------------+-------------------------+---------------------+------------------------------------+
; Module Name               ; Elapsed Time ; Average Processors Used ; Peak Virtual Memory ; Total CPU Time (on all processors) ;
+---------------------------+--------------+-------------------------+---------------------+------------------------------------+
; Analysis & Synthesis      ; 00:00:07     ; 1.0                     ; 4668 MB             ; 00:00:06                           ;
; Fitter                    ; 00:00:10     ; 1.0                     ; 4918 MB             ; 00:00:10                           ;
; Assembler                 ; 00:00:01     ; 1.0                     ; 4548 MB             ; 00:00:01                           ;
; TimeQuest Timing Analyzer ; 00:00:03     ; 1.0                     ; 4596 MB             ; 00:00:02                           ;
; EDA Netlist Writer        ; 00:00:01     ; 1.0                     ; 4505 MB             ; 00:00:01                           ;
; Total                     ; 00:00:22     ; --                      ; --                  ; 00:00:20                           ;
+---------------------------+--------------+-------------------------+---------------------+------------------------------------+


+----------------------------------------------------------------------------------------+
; Flow OS Summary                                                                        ;
+---------------------------+------------------+-----------+------------+----------------+
; Module Name               ; Machine Hostname ; OS Name   ; OS Version ; Processor type ;
+---------------------------+------------------+-----------+------------+----------------+
; Analysis & Synthesis      ; LAPTOP-6NOD8R03  ; Windows 7 ; 6.2        ; x86_64         ;
; Fitter                    ; LAPTOP-6NOD8R03  ; Windows 7 ; 6.2        ; x86_64         ;
; Assembler                 ; LAPTOP-6NOD8R03  ; Windows 7 ; 6.2        ; x86_64         ;
; TimeQuest Timing Analyzer ; LAPTOP-6NOD8R03  ; Windows 7 ; 6.2        ; x86_64         ;
; EDA Netlist Writer        ; LAPTOP-6NOD8R03  ; Windows 7 ; 6.2        ; x86_64         ;
+---------------------------+------------------+-----------+------------+----------------+


------------
; Flow Log ;
------------
quartus_map --read_settings_files=on --write_settings_files=off 2017510082_Nilay_Yucel_DEUARCH -c 2017510082_Nilay_Yucel_DEUARCH
quartus_fit --read_settings_files=off --write_settings_files=off 2017510082_Nilay_Yucel_DEUARCH -c 2017510082_Nilay_Yucel_DEUARCH
quartus_asm --read_settings_files=off --write_settings_files=off 2017510082_Nilay_Yucel_DEUARCH -c 2017510082_Nilay_Yucel_DEUARCH
quartus_sta 2017510082_Nilay_Yucel_DEUARCH -c 2017510082_Nilay_Yucel_DEUARCH
quartus_eda --read_settings_files=off --write_settings_files=off 2017510082_Nilay_Yucel_DEUARCH -c 2017510082_Nilay_Yucel_DEUARCH



